<?xml version="1.0" encoding="UTF-8"?>
<coverage generated="1698688114037" clover="3.2.0">
  <project timestamp="1698688114037" name="All files">
    <metrics statements="13" coveredstatements="13" conditionals="3" coveredconditionals="3" methods="1" coveredmethods="1" elements="17" coveredelements="17" complexity="0" loc="13" ncloc="13" packages="1" files="1" classes="1"/>
    <file name="sum.ts" path="/Users/allen_yeh/Documents/personal_files/test/src/sum.ts">
      <metrics statements="13" coveredstatements="13" conditionals="3" coveredconditionals="3" methods="1" coveredmethods="1"/>
      <line num="2" count="1" type="stmt"/>
      <line num="3" count="4" type="stmt"/>
      <line num="4" count="4" type="stmt"/>
      <line num="5" count="4" type="stmt"/>
      <line num="6" count="4" type="stmt"/>
      <line num="7" count="43" type="cond" truecount="2" falsecount="0"/>
      <line num="8" count="23" type="stmt"/>
      <line num="9" count="23" type="stmt"/>
      <line num="10" count="20" type="cond" truecount="1" falsecount="0"/>
      <line num="11" count="20" type="stmt"/>
      <line num="12" count="20" type="stmt"/>
      <line num="14" count="43" type="stmt"/>
      <line num="17" count="4" type="stmt"/>
    </file>
  </project>
</coverage>
