{"/Users/allen_yeh/Documents/personal_files/test/src/sum.ts": {"path":"/Users/allen_yeh/Documents/personal_files/test/src/sum.ts","statementMap":{"0":{"start":{"line":3,"column":13},"end":{"line":3,"column":14}},"1":{"start":{"line":4,"column":15},"end":{"line":4,"column":16}},"2":{"start":{"line":5,"column":18},"end":{"line":5,"column":21}},"3":{"start":{"line":6,"column":2},"end":{"line":15,"column":null}},"4":{"start":{"line":7,"column":4},"end":{"line":13,"column":null}},"5":{"start":{"line":8,"column":6},"end":{"line":8,"column":null}},"6":{"start":{"line":9,"column":6},"end":{"line":9,"column":null}},"7":{"start":{"line":10,"column":11},"end":{"line":13,"column":null}},"8":{"start":{"line":11,"column":6},"end":{"line":11,"column":null}},"9":{"start":{"line":12,"column":6},"end":{"line":12,"column":null}},"10":{"start":{"line":14,"column":4},"end":{"line":14,"column":null}},"11":{"start":{"line":17,"column":2},"end":{"line":17,"column":null}},"12":{"start":{"line":2,"column":0},"end":{"line":2,"column":16}}},"fnMap":{"0":{"name":"sum","decl":{"start":{"line":2,"column":16},"end":{"line":2,"column":19}},"loc":{"start":{"line":2,"column":31},"end":{"line":18,"column":1}}}},"branchMap":{"0":{"loc":{"start":{"line":7,"column":4},"end":{"line":13,"column":null}},"type":"if","locations":[{"start":{"line":7,"column":4},"end":{"line":13,"column":null}},{"start":{"line":10,"column":11},"end":{"line":13,"column":null}}]},"1":{"loc":{"start":{"line":10,"column":11},"end":{"line":13,"column":null}},"type":"if","locations":[{"start":{"line":10,"column":11},"end":{"line":13,"column":null}}]}},"s":{"0":4,"1":4,"2":4,"3":4,"4":43,"5":23,"6":23,"7":20,"8":20,"9":20,"10":43,"11":4,"12":1},"f":{"0":4},"b":{"0":[23,20],"1":[20]}}
}
